<?xml version="1.0" encoding="UTF-8"?>
<coverage generated="1576244526994" clover="3.2.0">
  <project timestamp="1576244526994" name="All files">
    <metrics statements="15" coveredstatements="12" conditionals="6" coveredconditionals="6" methods="4" coveredmethods="3" elements="25" coveredelements="21" complexity="0" loc="15" ncloc="15" packages="1" files="1" classes="1"/>
    <file name="index.js" path="/home/iap/projects/frontend-project-lvl2/src/index.js">
      <metrics statements="15" coveredstatements="12" conditionals="6" coveredconditionals="6" methods="4" coveredmethods="3"/>
      <line num="8" count="2" type="stmt"/>
      <line num="9" count="2" type="stmt"/>
      <line num="11" count="2" type="stmt"/>
      <line num="12" count="7" type="cond" truecount="2" falsecount="0"/>
      <line num="13" count="4" type="cond" truecount="2" falsecount="0"/>
      <line num="14" count="2" type="stmt"/>
      <line num="16" count="2" type="stmt"/>
      <line num="19" count="3" type="stmt"/>
      <line num="23" count="2" type="stmt"/>
      <line num="24" count="7" type="cond" truecount="2" falsecount="0"/>
      <line num="26" count="2" type="stmt"/>
      <line num="29" count="1" type="stmt"/>
      <line num="30" count="0" type="stmt"/>
      <line num="31" count="0" type="stmt"/>
      <line num="32" count="0" type="stmt"/>
    </file>
  </project>
</coverage>
