{"/home/iap/projects/frontend-project-lvl2/src/index.js": {"path":"/home/iap/projects/frontend-project-lvl2/src/index.js","statementMap":{"0":{"start":{"line":8,"column":16},"end":{"line":8,"column":50}},"1":{"start":{"line":9,"column":16},"end":{"line":9,"column":51}},"2":{"start":{"line":11,"column":14},"end":{"line":21,"column":11}},"3":{"start":{"line":12,"column":4},"end":{"line":20,"column":5}},"4":{"start":{"line":13,"column":6},"end":{"line":17,"column":7}},"5":{"start":{"line":14,"column":8},"end":{"line":14,"column":46}},"6":{"start":{"line":16,"column":8},"end":{"line":16,"column":73}},"7":{"start":{"line":19,"column":6},"end":{"line":19,"column":44}},"8":{"start":{"line":23,"column":15},"end":{"line":24,"column":100}},"9":{"start":{"line":24,"column":36},"end":{"line":24,"column":93}},"10":{"start":{"line":26,"column":2},"end":{"line":26,"column":40}},"11":{"start":{"line":29,"column":24},"end":{"line":33,"column":1}},"12":{"start":{"line":30,"column":14},"end":{"line":30,"column":43}},"13":{"start":{"line":31,"column":15},"end":{"line":31,"column":30}},"14":{"start":{"line":32,"column":2},"end":{"line":32,"column":25}}},"fnMap":{"0":{"name":"(anonymous_0)","decl":{"start":{"line":6,"column":15},"end":{"line":6,"column":16}},"loc":{"start":{"line":6,"column":42},"end":{"line":27,"column":1}},"line":6},"1":{"name":"(anonymous_1)","decl":{"start":{"line":11,"column":43},"end":{"line":11,"column":44}},"loc":{"start":{"line":11,"column":66},"end":{"line":21,"column":3}},"line":11},"2":{"name":"(anonymous_2)","decl":{"start":{"line":24,"column":12},"end":{"line":24,"column":13}},"loc":{"start":{"line":24,"column":36},"end":{"line":24,"column":93}},"line":24},"3":{"name":"(anonymous_3)","decl":{"start":{"line":29,"column":24},"end":{"line":29,"column":25}},"loc":{"start":{"line":29,"column":34},"end":{"line":33,"column":1}},"line":29}},"branchMap":{"0":{"loc":{"start":{"line":12,"column":4},"end":{"line":20,"column":5}},"type":"if","locations":[{"start":{"line":12,"column":4},"end":{"line":20,"column":5}},{"start":{"line":12,"column":4},"end":{"line":20,"column":5}}],"line":12},"1":{"loc":{"start":{"line":13,"column":6},"end":{"line":17,"column":7}},"type":"if","locations":[{"start":{"line":13,"column":6},"end":{"line":17,"column":7}},{"start":{"line":13,"column":6},"end":{"line":17,"column":7}}],"line":13},"2":{"loc":{"start":{"line":24,"column":36},"end":{"line":24,"column":93}},"type":"cond-expr","locations":[{"start":{"line":24,"column":57},"end":{"line":24,"column":87}},{"start":{"line":24,"column":90},"end":{"line":24,"column":93}}],"line":24}},"s":{"0":2,"1":2,"2":2,"3":7,"4":4,"5":2,"6":2,"7":3,"8":2,"9":7,"10":2,"11":1,"12":0,"13":0,"14":0},"f":{"0":2,"1":7,"2":7,"3":0},"b":{"0":[4,3],"1":[2,2],"2":[3,4]},"_coverageSchema":"43e27e138ebf9cfc5966b082cf9a028302ed4184","hash":"7fb4a919df03fb86e2af5d17906f3aa5ceb5ab4d"}
}
